<?xml version="1.0" encoding="UTF-8"?>
<!-- Generated by org.testng.reporters.JUnitReportReporter -->
<testsuite hostname="INPUM-6112VT3" failures="0" tests="1" name="tests.HomePageTests" time="34.467" errors="0" timestamp="2024-07-17T11:30:00 IST" skipped="0">
  <testcase classname="tests.HomePageTests" name="sortItems" time="34.467"/>
</testsuite> <!-- tests.HomePageTests -->
