<?xml version="1.0" encoding="UTF-8"?>
<!-- Generated by org.testng.reporters.JUnitReportReporter -->
<testsuite hostname="INPUM-6112VT3" failures="0" tests="1" name="tests.SearchTests" time="17.595" errors="0" timestamp="2024-07-17T23:11:36 IST" skipped="0">
  <testcase classname="tests.SearchTests" name="searchItemFromHomepage" time="17.595"/>
</testsuite> <!-- tests.SearchTests -->
